<?xml version="1.0" encoding="UTF-8"?>
<!-- Generated by org.testng.reporters.JUnitReportReporter -->
<testsuite hostname="LP2-AP-51992450" failures="0" tests="1" name="e2e.uiAutomationNew.TableReader" time="10.658" errors="0" timestamp="2023-10-13T23:17:19 IST" skipped="0">
  <testcase classname="e2e.uiAutomationNew.TableReader" name="tableReader" time="10.658"/>
  <system-out/>
</testsuite> <!-- e2e.uiAutomationNew.TableReader -->
