<?xml version="1.0" encoding="UTF-8"?>
<!-- Generated by org.testng.reporters.JUnitReportReporter -->
<testsuite hostname="LP2-AP-51992450" failures="0" tests="1" name="e2e.uiAutomationNew.AppTest" time="12.895" errors="0" timestamp="2023-10-17T12:12:37 IST" skipped="0">
  <testcase classname="e2e.uiAutomationNew.AppTest" name="verifyUiLaunch" time="12.895"/>
  <system-out/>
</testsuite> <!-- e2e.uiAutomationNew.AppTest -->
