<?xml version="1.0" encoding="UTF-8"?>
<!-- Generated by org.testng.reporters.JUnitReportReporter -->
<testsuite skipped="0" hostname="LP2-AP-51992450" name="e2e.uiAutomationNew.AppTest" tests="1" failures="0" timestamp="2023-10-16T17:54:11 IST" time="11.539" errors="0">
  <testcase name="verifyUiLaunch" time="11.539" classname="e2e.uiAutomationNew.AppTest"/>
  <system-out/>
</testsuite> <!-- e2e.uiAutomationNew.AppTest -->
